INFO:     Started server process [50590]
INFO:     Waiting for application startup.
INFO:     Application startup complete.
INFO:     Uvicorn running on http://0.0.0.0:8000 (Press CTRL+C to quit)
INFO:     127.0.0.1:65101 - "GET /lines HTTP/1.1" 200 OK
INFO:     127.0.0.1:65119 - "GET /lines HTTP/1.1" 200 OK
INFO:     127.0.0.1:54378 - "GET / HTTP/1.1" 200 OK
INFO:     127.0.0.1:54378 - "GET /style.css HTTP/1.1" 200 OK
INFO:     127.0.0.1:54378 - "GET /favicon.ico HTTP/1.1" 404 Not Found
INFO:     127.0.0.1:54380 - "GET /lines HTTP/1.1" 200 OK
INFO:     127.0.0.1:54380 - "GET /lines/1 HTTP/1.1" 500 Internal Server Error
ERROR:    Exception in ASGI application
Traceback (most recent call last):
  File "/Users/juanmacias/.pyenv/versions/3.13.7/lib/python3.13/site-packages/starlette/middleware/base.py", line 78, in call_next
    message = await recv_stream.receive()
              ^^^^^^^^^^^^^^^^^^^^^^^^^^^
  File "/Users/juanmacias/.pyenv/versions/3.13.7/lib/python3.13/site-packages/anyio/streams/memory.py", line 98, in receive
    return self.receive_nowait()
           ~~~~~~~~~~~~~~~~~~~^^
  File "/Users/juanmacias/.pyenv/versions/3.13.7/lib/python3.13/site-packages/anyio/streams/memory.py", line 91, in receive_nowait
    raise EndOfStream
anyio.EndOfStream

During handling of the above exception, another exception occurred:

Traceback (most recent call last):
  File "/Users/juanmacias/.pyenv/versions/3.13.7/lib/python3.13/site-packages/uvicorn/protocols/http/httptools_impl.py", line 426, in run_asgi
    result = await app(  # type: ignore[func-returns-value]
             ^^^^^^^^^^^^^^^^^^^^^^^^^^^^^^^^^^^^^^^^^^^^^^
        self.scope, self.receive, self.send
        ^^^^^^^^^^^^^^^^^^^^^^^^^^^^^^^^^^^
    )
    ^
  File "/Users/juanmacias/.pyenv/versions/3.13.7/lib/python3.13/site-packages/uvicorn/middleware/proxy_headers.py", line 84, in __call__
    return await self.app(scope, receive, send)
           ^^^^^^^^^^^^^^^^^^^^^^^^^^^^^^^^^^^^
  File "/Users/juanmacias/.pyenv/versions/3.13.7/lib/python3.13/site-packages/fastapi/applications.py", line 1106, in __call__
    await super().__call__(scope, receive, send)
  File "/Users/juanmacias/.pyenv/versions/3.13.7/lib/python3.13/site-packages/starlette/applications.py", line 122, in __call__
    await self.middleware_stack(scope, receive, send)
  File "/Users/juanmacias/.pyenv/versions/3.13.7/lib/python3.13/site-packages/starlette/middleware/errors.py", line 184, in __call__
    raise exc
  File "/Users/juanmacias/.pyenv/versions/3.13.7/lib/python3.13/site-packages/starlette/middleware/errors.py", line 162, in __call__
    await self.app(scope, receive, _send)
  File "/Users/juanmacias/.pyenv/versions/3.13.7/lib/python3.13/site-packages/starlette/middleware/base.py", line 108, in __call__
    response = await self.dispatch_func(request, call_next)
               ^^^^^^^^^^^^^^^^^^^^^^^^^^^^^^^^^^^^^^^^^^^^
  File "/Users/juanmacias/Projects/blogp/auth.py", line 32, in dispatch
    response = await call_next(request)
               ^^^^^^^^^^^^^^^^^^^^^^^^
  File "/Users/juanmacias/.pyenv/versions/3.13.7/lib/python3.13/site-packages/starlette/middleware/base.py", line 84, in call_next
    raise app_exc
  File "/Users/juanmacias/.pyenv/versions/3.13.7/lib/python3.13/site-packages/starlette/middleware/base.py", line 70, in coro
    await self.app(scope, receive_or_disconnect, send_no_error)
  File "/Users/juanmacias/.pyenv/versions/3.13.7/lib/python3.13/site-packages/starlette/middleware/exceptions.py", line 79, in __call__
    raise exc
  File "/Users/juanmacias/.pyenv/versions/3.13.7/lib/python3.13/site-packages/starlette/middleware/exceptions.py", line 68, in __call__
    await self.app(scope, receive, sender)
  File "/Users/juanmacias/.pyenv/versions/3.13.7/lib/python3.13/site-packages/fastapi/middleware/asyncexitstack.py", line 20, in __call__
    raise e
  File "/Users/juanmacias/.pyenv/versions/3.13.7/lib/python3.13/site-packages/fastapi/middleware/asyncexitstack.py", line 17, in __call__
    await self.app(scope, receive, send)
  File "/Users/juanmacias/.pyenv/versions/3.13.7/lib/python3.13/site-packages/starlette/routing.py", line 718, in __call__
    await route.handle(scope, receive, send)
  File "/Users/juanmacias/.pyenv/versions/3.13.7/lib/python3.13/site-packages/starlette/routing.py", line 276, in handle
    await self.app(scope, receive, send)
  File "/Users/juanmacias/.pyenv/versions/3.13.7/lib/python3.13/site-packages/starlette/routing.py", line 66, in app
    response = await func(request)
               ^^^^^^^^^^^^^^^^^^^
  File "/Users/juanmacias/.pyenv/versions/3.13.7/lib/python3.13/site-packages/fastapi/routing.py", line 274, in app
    raw_response = await run_endpoint_function(
                   ^^^^^^^^^^^^^^^^^^^^^^^^^^^^
        dependant=dependant, values=values, is_coroutine=is_coroutine
        ^^^^^^^^^^^^^^^^^^^^^^^^^^^^^^^^^^^^^^^^^^^^^^^^^^^^^^^^^^^^^
    )
    ^
  File "/Users/juanmacias/.pyenv/versions/3.13.7/lib/python3.13/site-packages/fastapi/routing.py", line 191, in run_endpoint_function
    return await dependant.call(**values)
           ^^^^^^^^^^^^^^^^^^^^^^^^^^^^^^
  File "/Users/juanmacias/Projects/blogp/main.py", line 440, in get_line
    return templates.TemplateResponse(
           ~~~~~~~~~~~~~~~~~~~~~~~~~~^
        "line.html",
        ^^^^^^^^^^^^
    ...<4 lines>...
        },
        ^^
    )
    ^
  File "/Users/juanmacias/.pyenv/versions/3.13.7/lib/python3.13/site-packages/starlette/templating.py", line 112, in TemplateResponse
    template = self.get_template(name)
  File "/Users/juanmacias/.pyenv/versions/3.13.7/lib/python3.13/site-packages/starlette/templating.py", line 94, in get_template
    return self.env.get_template(name)
           ~~~~~~~~~~~~~~~~~~~~~^^^^^^
  File "/Users/juanmacias/.pyenv/versions/3.13.7/lib/python3.13/site-packages/jinja2/environment.py", line 1010, in get_template
    return self._load_template(name, globals)
           ~~~~~~~~~~~~~~~~~~~^^^^^^^^^^^^^^^
  File "/Users/juanmacias/.pyenv/versions/3.13.7/lib/python3.13/site-packages/jinja2/environment.py", line 969, in _load_template
    template = self.loader.load(self, name, self.make_globals(globals))
  File "/Users/juanmacias/.pyenv/versions/3.13.7/lib/python3.13/site-packages/jinja2/loaders.py", line 126, in load
    source, filename, uptodate = self.get_source(environment, name)
                                 ~~~~~~~~~~~~~~~^^^^^^^^^^^^^^^^^^^
  File "/Users/juanmacias/.pyenv/versions/3.13.7/lib/python3.13/site-packages/jinja2/loaders.py", line 218, in get_source
    raise TemplateNotFound(template)
jinja2.exceptions.TemplateNotFound: line.html
INFO:     127.0.0.1:54414 - "GET /lines/2 HTTP/1.1" 500 Internal Server Error
ERROR:    Exception in ASGI application
Traceback (most recent call last):
  File "/Users/juanmacias/.pyenv/versions/3.13.7/lib/python3.13/site-packages/starlette/middleware/base.py", line 78, in call_next
    message = await recv_stream.receive()
              ^^^^^^^^^^^^^^^^^^^^^^^^^^^
  File "/Users/juanmacias/.pyenv/versions/3.13.7/lib/python3.13/site-packages/anyio/streams/memory.py", line 98, in receive
    return self.receive_nowait()
           ~~~~~~~~~~~~~~~~~~~^^
  File "/Users/juanmacias/.pyenv/versions/3.13.7/lib/python3.13/site-packages/anyio/streams/memory.py", line 91, in receive_nowait
    raise EndOfStream
anyio.EndOfStream

During handling of the above exception, another exception occurred:

Traceback (most recent call last):
  File "/Users/juanmacias/.pyenv/versions/3.13.7/lib/python3.13/site-packages/uvicorn/protocols/http/httptools_impl.py", line 426, in run_asgi
    result = await app(  # type: ignore[func-returns-value]
             ^^^^^^^^^^^^^^^^^^^^^^^^^^^^^^^^^^^^^^^^^^^^^^
        self.scope, self.receive, self.send
        ^^^^^^^^^^^^^^^^^^^^^^^^^^^^^^^^^^^
    )
    ^
  File "/Users/juanmacias/.pyenv/versions/3.13.7/lib/python3.13/site-packages/uvicorn/middleware/proxy_headers.py", line 84, in __call__
    return await self.app(scope, receive, send)
           ^^^^^^^^^^^^^^^^^^^^^^^^^^^^^^^^^^^^
  File "/Users/juanmacias/.pyenv/versions/3.13.7/lib/python3.13/site-packages/fastapi/applications.py", line 1106, in __call__
    await super().__call__(scope, receive, send)
  File "/Users/juanmacias/.pyenv/versions/3.13.7/lib/python3.13/site-packages/starlette/applications.py", line 122, in __call__
    await self.middleware_stack(scope, receive, send)
  File "/Users/juanmacias/.pyenv/versions/3.13.7/lib/python3.13/site-packages/starlette/middleware/errors.py", line 184, in __call__
    raise exc
  File "/Users/juanmacias/.pyenv/versions/3.13.7/lib/python3.13/site-packages/starlette/middleware/errors.py", line 162, in __call__
    await self.app(scope, receive, _send)
  File "/Users/juanmacias/.pyenv/versions/3.13.7/lib/python3.13/site-packages/starlette/middleware/base.py", line 108, in __call__
    response = await self.dispatch_func(request, call_next)
               ^^^^^^^^^^^^^^^^^^^^^^^^^^^^^^^^^^^^^^^^^^^^
  File "/Users/juanmacias/Projects/blogp/auth.py", line 32, in dispatch
    response = await call_next(request)
               ^^^^^^^^^^^^^^^^^^^^^^^^
  File "/Users/juanmacias/.pyenv/versions/3.13.7/lib/python3.13/site-packages/starlette/middleware/base.py", line 84, in call_next
    raise app_exc
  File "/Users/juanmacias/.pyenv/versions/3.13.7/lib/python3.13/site-packages/starlette/middleware/base.py", line 70, in coro
    await self.app(scope, receive_or_disconnect, send_no_error)
  File "/Users/juanmacias/.pyenv/versions/3.13.7/lib/python3.13/site-packages/starlette/middleware/exceptions.py", line 79, in __call__
    raise exc
  File "/Users/juanmacias/.pyenv/versions/3.13.7/lib/python3.13/site-packages/starlette/middleware/exceptions.py", line 68, in __call__
    await self.app(scope, receive, sender)
  File "/Users/juanmacias/.pyenv/versions/3.13.7/lib/python3.13/site-packages/fastapi/middleware/asyncexitstack.py", line 20, in __call__
    raise e
  File "/Users/juanmacias/.pyenv/versions/3.13.7/lib/python3.13/site-packages/fastapi/middleware/asyncexitstack.py", line 17, in __call__
    await self.app(scope, receive, send)
  File "/Users/juanmacias/.pyenv/versions/3.13.7/lib/python3.13/site-packages/starlette/routing.py", line 718, in __call__
    await route.handle(scope, receive, send)
  File "/Users/juanmacias/.pyenv/versions/3.13.7/lib/python3.13/site-packages/starlette/routing.py", line 276, in handle
    await self.app(scope, receive, send)
  File "/Users/juanmacias/.pyenv/versions/3.13.7/lib/python3.13/site-packages/starlette/routing.py", line 66, in app
    response = await func(request)
               ^^^^^^^^^^^^^^^^^^^
  File "/Users/juanmacias/.pyenv/versions/3.13.7/lib/python3.13/site-packages/fastapi/routing.py", line 274, in app
    raw_response = await run_endpoint_function(
                   ^^^^^^^^^^^^^^^^^^^^^^^^^^^^
        dependant=dependant, values=values, is_coroutine=is_coroutine
        ^^^^^^^^^^^^^^^^^^^^^^^^^^^^^^^^^^^^^^^^^^^^^^^^^^^^^^^^^^^^^
    )
    ^
  File "/Users/juanmacias/.pyenv/versions/3.13.7/lib/python3.13/site-packages/fastapi/routing.py", line 191, in run_endpoint_function
    return await dependant.call(**values)
           ^^^^^^^^^^^^^^^^^^^^^^^^^^^^^^
  File "/Users/juanmacias/Projects/blogp/main.py", line 440, in get_line
    return templates.TemplateResponse(
           ~~~~~~~~~~~~~~~~~~~~~~~~~~^
        "line.html",
        ^^^^^^^^^^^^
    ...<4 lines>...
        },
        ^^
    )
    ^
  File "/Users/juanmacias/.pyenv/versions/3.13.7/lib/python3.13/site-packages/starlette/templating.py", line 112, in TemplateResponse
    template = self.get_template(name)
  File "/Users/juanmacias/.pyenv/versions/3.13.7/lib/python3.13/site-packages/starlette/templating.py", line 94, in get_template
    return self.env.get_template(name)
           ~~~~~~~~~~~~~~~~~~~~~^^^^^^
  File "/Users/juanmacias/.pyenv/versions/3.13.7/lib/python3.13/site-packages/jinja2/environment.py", line 1010, in get_template
    return self._load_template(name, globals)
           ~~~~~~~~~~~~~~~~~~~^^^^^^^^^^^^^^^
  File "/Users/juanmacias/.pyenv/versions/3.13.7/lib/python3.13/site-packages/jinja2/environment.py", line 969, in _load_template
    template = self.loader.load(self, name, self.make_globals(globals))
  File "/Users/juanmacias/.pyenv/versions/3.13.7/lib/python3.13/site-packages/jinja2/loaders.py", line 126, in load
    source, filename, uptodate = self.get_source(environment, name)
                                 ~~~~~~~~~~~~~~~^^^^^^^^^^^^^^^^^^^
  File "/Users/juanmacias/.pyenv/versions/3.13.7/lib/python3.13/site-packages/jinja2/loaders.py", line 218, in get_source
    raise TemplateNotFound(template)
jinja2.exceptions.TemplateNotFound: line.html
INFO:     127.0.0.1:54459 - "GET /projects HTTP/1.1" 200 OK
INFO:     127.0.0.1:54461 - "GET /login HTTP/1.1" 200 OK
INFO:     127.0.0.1:54461 - "POST /login HTTP/1.1" 303 See Other
INFO:     127.0.0.1:54461 - "GET / HTTP/1.1" 200 OK
INFO:     127.0.0.1:54487 - "GET /admin/pages HTTP/1.1" 500 Internal Server Error
ERROR:    Exception in ASGI application
Traceback (most recent call last):
  File "/Users/juanmacias/.pyenv/versions/3.13.7/lib/python3.13/site-packages/starlette/middleware/base.py", line 78, in call_next
    message = await recv_stream.receive()
              ^^^^^^^^^^^^^^^^^^^^^^^^^^^
  File "/Users/juanmacias/.pyenv/versions/3.13.7/lib/python3.13/site-packages/anyio/streams/memory.py", line 98, in receive
    return self.receive_nowait()
           ~~~~~~~~~~~~~~~~~~~^^
  File "/Users/juanmacias/.pyenv/versions/3.13.7/lib/python3.13/site-packages/anyio/streams/memory.py", line 91, in receive_nowait
    raise EndOfStream
anyio.EndOfStream

During handling of the above exception, another exception occurred:

Traceback (most recent call last):
  File "/Users/juanmacias/.pyenv/versions/3.13.7/lib/python3.13/site-packages/uvicorn/protocols/http/httptools_impl.py", line 426, in run_asgi
    result = await app(  # type: ignore[func-returns-value]
             ^^^^^^^^^^^^^^^^^^^^^^^^^^^^^^^^^^^^^^^^^^^^^^
        self.scope, self.receive, self.send
        ^^^^^^^^^^^^^^^^^^^^^^^^^^^^^^^^^^^
    )
    ^
  File "/Users/juanmacias/.pyenv/versions/3.13.7/lib/python3.13/site-packages/uvicorn/middleware/proxy_headers.py", line 84, in __call__
    return await self.app(scope, receive, send)
           ^^^^^^^^^^^^^^^^^^^^^^^^^^^^^^^^^^^^
  File "/Users/juanmacias/.pyenv/versions/3.13.7/lib/python3.13/site-packages/fastapi/applications.py", line 1106, in __call__
    await super().__call__(scope, receive, send)
  File "/Users/juanmacias/.pyenv/versions/3.13.7/lib/python3.13/site-packages/starlette/applications.py", line 122, in __call__
    await self.middleware_stack(scope, receive, send)
  File "/Users/juanmacias/.pyenv/versions/3.13.7/lib/python3.13/site-packages/starlette/middleware/errors.py", line 184, in __call__
    raise exc
  File "/Users/juanmacias/.pyenv/versions/3.13.7/lib/python3.13/site-packages/starlette/middleware/errors.py", line 162, in __call__
    await self.app(scope, receive, _send)
  File "/Users/juanmacias/.pyenv/versions/3.13.7/lib/python3.13/site-packages/starlette/middleware/base.py", line 108, in __call__
    response = await self.dispatch_func(request, call_next)
               ^^^^^^^^^^^^^^^^^^^^^^^^^^^^^^^^^^^^^^^^^^^^
  File "/Users/juanmacias/Projects/blogp/auth.py", line 32, in dispatch
    response = await call_next(request)
               ^^^^^^^^^^^^^^^^^^^^^^^^
  File "/Users/juanmacias/.pyenv/versions/3.13.7/lib/python3.13/site-packages/starlette/middleware/base.py", line 84, in call_next
    raise app_exc
  File "/Users/juanmacias/.pyenv/versions/3.13.7/lib/python3.13/site-packages/starlette/middleware/base.py", line 70, in coro
    await self.app(scope, receive_or_disconnect, send_no_error)
  File "/Users/juanmacias/.pyenv/versions/3.13.7/lib/python3.13/site-packages/starlette/middleware/exceptions.py", line 79, in __call__
    raise exc
  File "/Users/juanmacias/.pyenv/versions/3.13.7/lib/python3.13/site-packages/starlette/middleware/exceptions.py", line 68, in __call__
    await self.app(scope, receive, sender)
  File "/Users/juanmacias/.pyenv/versions/3.13.7/lib/python3.13/site-packages/fastapi/middleware/asyncexitstack.py", line 20, in __call__
    raise e
  File "/Users/juanmacias/.pyenv/versions/3.13.7/lib/python3.13/site-packages/fastapi/middleware/asyncexitstack.py", line 17, in __call__
    await self.app(scope, receive, send)
  File "/Users/juanmacias/.pyenv/versions/3.13.7/lib/python3.13/site-packages/starlette/routing.py", line 718, in __call__
    await route.handle(scope, receive, send)
  File "/Users/juanmacias/.pyenv/versions/3.13.7/lib/python3.13/site-packages/starlette/routing.py", line 276, in handle
    await self.app(scope, receive, send)
  File "/Users/juanmacias/.pyenv/versions/3.13.7/lib/python3.13/site-packages/starlette/routing.py", line 66, in app
    response = await func(request)
               ^^^^^^^^^^^^^^^^^^^
  File "/Users/juanmacias/.pyenv/versions/3.13.7/lib/python3.13/site-packages/fastapi/routing.py", line 274, in app
    raw_response = await run_endpoint_function(
                   ^^^^^^^^^^^^^^^^^^^^^^^^^^^^
        dependant=dependant, values=values, is_coroutine=is_coroutine
        ^^^^^^^^^^^^^^^^^^^^^^^^^^^^^^^^^^^^^^^^^^^^^^^^^^^^^^^^^^^^^
    )
    ^
  File "/Users/juanmacias/.pyenv/versions/3.13.7/lib/python3.13/site-packages/fastapi/routing.py", line 191, in run_endpoint_function
    return await dependant.call(**values)
           ^^^^^^^^^^^^^^^^^^^^^^^^^^^^^^
  File "/Users/juanmacias/Projects/blogp/main.py", line 342, in admin_pages
    pages = db.get_all_pages()
            ^^^^^^^^^^^^^^^^
AttributeError: 'BlogDatabase' object has no attribute 'get_all_pages'. Did you mean: 'get_pages'?
INFO:     127.0.0.1:54539 - "GET /admin HTTP/1.1" 302 Found
INFO:     127.0.0.1:54539 - "GET /admin/dashboard HTTP/1.1" 200 OK
INFO:     127.0.0.1:54539 - "GET /admin/lines HTTP/1.1" 200 OK
INFO:     127.0.0.1:54695 - "GET /.well-known/appspecific/com.chrome.devtools.json HTTP/1.1" 404 Not Found
INFO:     127.0.0.1:54719 - "GET /admin/lines HTTP/1.1" 200 OK
INFO:     127.0.0.1:54719 - "GET /.well-known/appspecific/com.chrome.devtools.json HTTP/1.1" 404 Not Found
INFO:     127.0.0.1:54739 - "GET /admin/lines HTTP/1.1" 303 See Other
INFO:     127.0.0.1:54785 - "GET /admin/lines HTTP/1.1" 303 See Other
INFO:     127.0.0.1:54787 - "GET /.well-known/appspecific/com.chrome.devtools.json HTTP/1.1" 404 Not Found
INFO:     127.0.0.1:54806 - "HEAD /admin/lines HTTP/1.1" 303 See Other
INFO:     127.0.0.1:55181 - "GET /admin/lines HTTP/1.1" 200 OK
INFO:     127.0.0.1:55844 - "GET /admin/lines/1/edit HTTP/1.1" 200 OK
INFO:     127.0.0.1:55844 - "GET /style.css HTTP/1.1" 304 Not Modified
INFO:     127.0.0.1:55888 - "POST /admin/lines/1/edit HTTP/1.1" 405 Method Not Allowed
INFO:     127.0.0.1:55926 - "GET /lines/1 HTTP/1.1" 500 Internal Server Error
ERROR:    Exception in ASGI application
Traceback (most recent call last):
  File "/Users/juanmacias/.pyenv/versions/3.13.7/lib/python3.13/site-packages/starlette/middleware/base.py", line 78, in call_next
    message = await recv_stream.receive()
              ^^^^^^^^^^^^^^^^^^^^^^^^^^^
  File "/Users/juanmacias/.pyenv/versions/3.13.7/lib/python3.13/site-packages/anyio/streams/memory.py", line 98, in receive
    return self.receive_nowait()
           ~~~~~~~~~~~~~~~~~~~^^
  File "/Users/juanmacias/.pyenv/versions/3.13.7/lib/python3.13/site-packages/anyio/streams/memory.py", line 91, in receive_nowait
    raise EndOfStream
anyio.EndOfStream

During handling of the above exception, another exception occurred:

Traceback (most recent call last):
  File "/Users/juanmacias/.pyenv/versions/3.13.7/lib/python3.13/site-packages/uvicorn/protocols/http/httptools_impl.py", line 426, in run_asgi
    result = await app(  # type: ignore[func-returns-value]
             ^^^^^^^^^^^^^^^^^^^^^^^^^^^^^^^^^^^^^^^^^^^^^^
        self.scope, self.receive, self.send
        ^^^^^^^^^^^^^^^^^^^^^^^^^^^^^^^^^^^
    )
    ^
  File "/Users/juanmacias/.pyenv/versions/3.13.7/lib/python3.13/site-packages/uvicorn/middleware/proxy_headers.py", line 84, in __call__
    return await self.app(scope, receive, send)
           ^^^^^^^^^^^^^^^^^^^^^^^^^^^^^^^^^^^^
  File "/Users/juanmacias/.pyenv/versions/3.13.7/lib/python3.13/site-packages/fastapi/applications.py", line 1106, in __call__
    await super().__call__(scope, receive, send)
  File "/Users/juanmacias/.pyenv/versions/3.13.7/lib/python3.13/site-packages/starlette/applications.py", line 122, in __call__
    await self.middleware_stack(scope, receive, send)
  File "/Users/juanmacias/.pyenv/versions/3.13.7/lib/python3.13/site-packages/starlette/middleware/errors.py", line 184, in __call__
    raise exc
  File "/Users/juanmacias/.pyenv/versions/3.13.7/lib/python3.13/site-packages/starlette/middleware/errors.py", line 162, in __call__
    await self.app(scope, receive, _send)
  File "/Users/juanmacias/.pyenv/versions/3.13.7/lib/python3.13/site-packages/starlette/middleware/base.py", line 108, in __call__
    response = await self.dispatch_func(request, call_next)
               ^^^^^^^^^^^^^^^^^^^^^^^^^^^^^^^^^^^^^^^^^^^^
  File "/Users/juanmacias/Projects/blogp/auth.py", line 32, in dispatch
    response = await call_next(request)
               ^^^^^^^^^^^^^^^^^^^^^^^^
  File "/Users/juanmacias/.pyenv/versions/3.13.7/lib/python3.13/site-packages/starlette/middleware/base.py", line 84, in call_next
    raise app_exc
  File "/Users/juanmacias/.pyenv/versions/3.13.7/lib/python3.13/site-packages/starlette/middleware/base.py", line 70, in coro
    await self.app(scope, receive_or_disconnect, send_no_error)
  File "/Users/juanmacias/.pyenv/versions/3.13.7/lib/python3.13/site-packages/starlette/middleware/exceptions.py", line 79, in __call__
    raise exc
  File "/Users/juanmacias/.pyenv/versions/3.13.7/lib/python3.13/site-packages/starlette/middleware/exceptions.py", line 68, in __call__
    await self.app(scope, receive, sender)
  File "/Users/juanmacias/.pyenv/versions/3.13.7/lib/python3.13/site-packages/fastapi/middleware/asyncexitstack.py", line 20, in __call__
    raise e
  File "/Users/juanmacias/.pyenv/versions/3.13.7/lib/python3.13/site-packages/fastapi/middleware/asyncexitstack.py", line 17, in __call__
    await self.app(scope, receive, send)
  File "/Users/juanmacias/.pyenv/versions/3.13.7/lib/python3.13/site-packages/starlette/routing.py", line 718, in __call__
    await route.handle(scope, receive, send)
  File "/Users/juanmacias/.pyenv/versions/3.13.7/lib/python3.13/site-packages/starlette/routing.py", line 276, in handle
    await self.app(scope, receive, send)
  File "/Users/juanmacias/.pyenv/versions/3.13.7/lib/python3.13/site-packages/starlette/routing.py", line 66, in app
    response = await func(request)
               ^^^^^^^^^^^^^^^^^^^
  File "/Users/juanmacias/.pyenv/versions/3.13.7/lib/python3.13/site-packages/fastapi/routing.py", line 274, in app
    raw_response = await run_endpoint_function(
                   ^^^^^^^^^^^^^^^^^^^^^^^^^^^^
        dependant=dependant, values=values, is_coroutine=is_coroutine
        ^^^^^^^^^^^^^^^^^^^^^^^^^^^^^^^^^^^^^^^^^^^^^^^^^^^^^^^^^^^^^
    )
    ^
  File "/Users/juanmacias/.pyenv/versions/3.13.7/lib/python3.13/site-packages/fastapi/routing.py", line 191, in run_endpoint_function
    return await dependant.call(**values)
           ^^^^^^^^^^^^^^^^^^^^^^^^^^^^^^
  File "/Users/juanmacias/Projects/blogp/main.py", line 440, in get_line
    return templates.TemplateResponse(
           ~~~~~~~~~~~~~~~~~~~~~~~~~~^
        "line.html",
        ^^^^^^^^^^^^
    ...<4 lines>...
        },
        ^^
    )
    ^
  File "/Users/juanmacias/.pyenv/versions/3.13.7/lib/python3.13/site-packages/starlette/templating.py", line 112, in TemplateResponse
    template = self.get_template(name)
  File "/Users/juanmacias/.pyenv/versions/3.13.7/lib/python3.13/site-packages/starlette/templating.py", line 94, in get_template
    return self.env.get_template(name)
           ~~~~~~~~~~~~~~~~~~~~~^^^^^^
  File "/Users/juanmacias/.pyenv/versions/3.13.7/lib/python3.13/site-packages/jinja2/environment.py", line 1010, in get_template
    return self._load_template(name, globals)
           ~~~~~~~~~~~~~~~~~~~^^^^^^^^^^^^^^^
  File "/Users/juanmacias/.pyenv/versions/3.13.7/lib/python3.13/site-packages/jinja2/environment.py", line 969, in _load_template
    template = self.loader.load(self, name, self.make_globals(globals))
  File "/Users/juanmacias/.pyenv/versions/3.13.7/lib/python3.13/site-packages/jinja2/loaders.py", line 126, in load
    source, filename, uptodate = self.get_source(environment, name)
                                 ~~~~~~~~~~~~~~~^^^^^^^^^^^^^^^^^^^
  File "/Users/juanmacias/.pyenv/versions/3.13.7/lib/python3.13/site-packages/jinja2/loaders.py", line 218, in get_source
    raise TemplateNotFound(template)
jinja2.exceptions.TemplateNotFound: line.html
INFO:     127.0.0.1:55942 - "GET /lines/1 HTTP/1.1" 500 Internal Server Error
ERROR:    Exception in ASGI application
Traceback (most recent call last):
  File "/Users/juanmacias/.pyenv/versions/3.13.7/lib/python3.13/site-packages/starlette/middleware/base.py", line 78, in call_next
    message = await recv_stream.receive()
              ^^^^^^^^^^^^^^^^^^^^^^^^^^^
  File "/Users/juanmacias/.pyenv/versions/3.13.7/lib/python3.13/site-packages/anyio/streams/memory.py", line 98, in receive
    return self.receive_nowait()
           ~~~~~~~~~~~~~~~~~~~^^
  File "/Users/juanmacias/.pyenv/versions/3.13.7/lib/python3.13/site-packages/anyio/streams/memory.py", line 91, in receive_nowait
    raise EndOfStream
anyio.EndOfStream

During handling of the above exception, another exception occurred:

Traceback (most recent call last):
  File "/Users/juanmacias/.pyenv/versions/3.13.7/lib/python3.13/site-packages/uvicorn/protocols/http/httptools_impl.py", line 426, in run_asgi
    result = await app(  # type: ignore[func-returns-value]
             ^^^^^^^^^^^^^^^^^^^^^^^^^^^^^^^^^^^^^^^^^^^^^^
        self.scope, self.receive, self.send
        ^^^^^^^^^^^^^^^^^^^^^^^^^^^^^^^^^^^
    )
    ^
  File "/Users/juanmacias/.pyenv/versions/3.13.7/lib/python3.13/site-packages/uvicorn/middleware/proxy_headers.py", line 84, in __call__
    return await self.app(scope, receive, send)
           ^^^^^^^^^^^^^^^^^^^^^^^^^^^^^^^^^^^^
  File "/Users/juanmacias/.pyenv/versions/3.13.7/lib/python3.13/site-packages/fastapi/applications.py", line 1106, in __call__
    await super().__call__(scope, receive, send)
  File "/Users/juanmacias/.pyenv/versions/3.13.7/lib/python3.13/site-packages/starlette/applications.py", line 122, in __call__
    await self.middleware_stack(scope, receive, send)
  File "/Users/juanmacias/.pyenv/versions/3.13.7/lib/python3.13/site-packages/starlette/middleware/errors.py", line 184, in __call__
    raise exc
  File "/Users/juanmacias/.pyenv/versions/3.13.7/lib/python3.13/site-packages/starlette/middleware/errors.py", line 162, in __call__
    await self.app(scope, receive, _send)
  File "/Users/juanmacias/.pyenv/versions/3.13.7/lib/python3.13/site-packages/starlette/middleware/base.py", line 108, in __call__
    response = await self.dispatch_func(request, call_next)
               ^^^^^^^^^^^^^^^^^^^^^^^^^^^^^^^^^^^^^^^^^^^^
  File "/Users/juanmacias/Projects/blogp/auth.py", line 32, in dispatch
    response = await call_next(request)
               ^^^^^^^^^^^^^^^^^^^^^^^^
  File "/Users/juanmacias/.pyenv/versions/3.13.7/lib/python3.13/site-packages/starlette/middleware/base.py", line 84, in call_next
    raise app_exc
  File "/Users/juanmacias/.pyenv/versions/3.13.7/lib/python3.13/site-packages/starlette/middleware/base.py", line 70, in coro
    await self.app(scope, receive_or_disconnect, send_no_error)
  File "/Users/juanmacias/.pyenv/versions/3.13.7/lib/python3.13/site-packages/starlette/middleware/exceptions.py", line 79, in __call__
    raise exc
  File "/Users/juanmacias/.pyenv/versions/3.13.7/lib/python3.13/site-packages/starlette/middleware/exceptions.py", line 68, in __call__
    await self.app(scope, receive, sender)
  File "/Users/juanmacias/.pyenv/versions/3.13.7/lib/python3.13/site-packages/fastapi/middleware/asyncexitstack.py", line 20, in __call__
    raise e
  File "/Users/juanmacias/.pyenv/versions/3.13.7/lib/python3.13/site-packages/fastapi/middleware/asyncexitstack.py", line 17, in __call__
    await self.app(scope, receive, send)
  File "/Users/juanmacias/.pyenv/versions/3.13.7/lib/python3.13/site-packages/starlette/routing.py", line 718, in __call__
    await route.handle(scope, receive, send)
  File "/Users/juanmacias/.pyenv/versions/3.13.7/lib/python3.13/site-packages/starlette/routing.py", line 276, in handle
    await self.app(scope, receive, send)
  File "/Users/juanmacias/.pyenv/versions/3.13.7/lib/python3.13/site-packages/starlette/routing.py", line 66, in app
    response = await func(request)
               ^^^^^^^^^^^^^^^^^^^
  File "/Users/juanmacias/.pyenv/versions/3.13.7/lib/python3.13/site-packages/fastapi/routing.py", line 274, in app
    raw_response = await run_endpoint_function(
                   ^^^^^^^^^^^^^^^^^^^^^^^^^^^^
        dependant=dependant, values=values, is_coroutine=is_coroutine
        ^^^^^^^^^^^^^^^^^^^^^^^^^^^^^^^^^^^^^^^^^^^^^^^^^^^^^^^^^^^^^
    )
    ^
  File "/Users/juanmacias/.pyenv/versions/3.13.7/lib/python3.13/site-packages/fastapi/routing.py", line 191, in run_endpoint_function
    return await dependant.call(**values)
           ^^^^^^^^^^^^^^^^^^^^^^^^^^^^^^
  File "/Users/juanmacias/Projects/blogp/main.py", line 440, in get_line
    return templates.TemplateResponse(
           ~~~~~~~~~~~~~~~~~~~~~~~~~~^
        "line.html",
        ^^^^^^^^^^^^
    ...<4 lines>...
        },
        ^^
    )
    ^
  File "/Users/juanmacias/.pyenv/versions/3.13.7/lib/python3.13/site-packages/starlette/templating.py", line 112, in TemplateResponse
    template = self.get_template(name)
  File "/Users/juanmacias/.pyenv/versions/3.13.7/lib/python3.13/site-packages/starlette/templating.py", line 94, in get_template
    return self.env.get_template(name)
           ~~~~~~~~~~~~~~~~~~~~~^^^^^^
  File "/Users/juanmacias/.pyenv/versions/3.13.7/lib/python3.13/site-packages/jinja2/environment.py", line 1010, in get_template
    return self._load_template(name, globals)
           ~~~~~~~~~~~~~~~~~~~^^^^^^^^^^^^^^^
  File "/Users/juanmacias/.pyenv/versions/3.13.7/lib/python3.13/site-packages/jinja2/environment.py", line 969, in _load_template
    template = self.loader.load(self, name, self.make_globals(globals))
  File "/Users/juanmacias/.pyenv/versions/3.13.7/lib/python3.13/site-packages/jinja2/loaders.py", line 126, in load
    source, filename, uptodate = self.get_source(environment, name)
                                 ~~~~~~~~~~~~~~~^^^^^^^^^^^^^^^^^^^
  File "/Users/juanmacias/.pyenv/versions/3.13.7/lib/python3.13/site-packages/jinja2/loaders.py", line 218, in get_source
    raise TemplateNotFound(template)
jinja2.exceptions.TemplateNotFound: line.html
INFO:     Shutting down
INFO:     Waiting for application shutdown.
INFO:     Application shutdown complete.
INFO:     Finished server process [50590]
